<?xml version="1.0" encoding="UTF-8"?>
<!-- Generated by org.testng.reporters.JUnitXMLReporter -->
<testsuite ignored="0" hostname="DESKTOP-1J6Q2U8" failures="0" tests="3" name="parameters" time="0.059" errors="0" timestamp="2025-05-23T16:13:07 IST">
  <testcase classname="TestNG_Annotations_4_Parameter" name="add" time="0.007"/>
  <testcase classname="TestNG_Annotations_4_Parameter" name="multiplication" time="0.002"/>
  <testcase classname="TestNG_Annotations_4_Parameter" name="subtraction" time="0.002"/>
</testsuite> <!-- parameters -->
