<?xml version="1.0" encoding="UTF-8"?>
<!-- Generated by org.testng.reporters.JUnitXMLReporter -->
<testsuite ignored="0" hostname="DESKTOP-1J6Q2U8" failures="0" tests="3" name="Test" time="1.066" errors="0" timestamp="2025-05-23T14:25:33 IST">
  <testcase classname="TestNG_Annotations_3_Attributes" name="APILogin" time="0.008"/>
  <testcase classname="TestNG_Annotations_3_Attributes" name="MobileLogin" time="0.001"/>
  <testcase classname="TestNG_Annotations_3_Attributes" name="webLogin" time="1.012"/>
</testsuite> <!-- Test -->
