<?xml version="1.0" encoding="UTF-8"?>
<testng-results ignored="0" total="3" passed="3" failed="0" skipped="0">
  <reporter-output>
  </reporter-output>
  <suite started-at="2025-05-23T17:47:01 IST" name="Suite" finished-at="2025-05-23T17:47:40 IST" duration-ms="38755">
    <groups>
    </groups>
    <test started-at="2025-05-23T17:47:01 IST" name="Test" finished-at="2025-05-23T17:47:40 IST" duration-ms="38755">
      <class name="TestNG_Annotation_7_data_provider">
        <test-method signature="Dataprovidergooglesearch(java.lang.String,java.lang.String)[pri:0, instance:TestNG_Annotation_7_data_provider@68e965f5]" started-at="2025-05-23T17:47:01 IST" name="Dataprovidergooglesearch" data-provider="Searchdataset" finished-at="2025-05-23T17:47:14 IST" duration-ms="12717" status="PASS">
          <params>
            <param index="0">
              <value>
                <![CDATA[India]]>
              </value>
            </param>
            <param index="1">
              <value>
                <![CDATA[Gujarat]]>
              </value>
            </param>
          </params>
          <reporter-output>
          </reporter-output>
        </test-method> <!-- Dataprovidergooglesearch -->
        <test-method signature="Dataprovidergooglesearch(java.lang.String,java.lang.String)[pri:0, instance:TestNG_Annotation_7_data_provider@68e965f5]" started-at="2025-05-23T17:47:14 IST" name="Dataprovidergooglesearch" data-provider="Searchdataset" finished-at="2025-05-23T17:47:28 IST" duration-ms="13938" status="PASS">
          <params>
            <param index="0">
              <value>
                <![CDATA[India]]>
              </value>
            </param>
            <param index="1">
              <value>
                <![CDATA[Chennai]]>
              </value>
            </param>
          </params>
          <reporter-output>
          </reporter-output>
        </test-method> <!-- Dataprovidergooglesearch -->
        <test-method signature="Dataprovidergooglesearch(java.lang.String,java.lang.String)[pri:0, instance:TestNG_Annotation_7_data_provider@68e965f5]" started-at="2025-05-23T17:47:28 IST" name="Dataprovidergooglesearch" data-provider="Searchdataset" finished-at="2025-05-23T17:47:40 IST" duration-ms="12053" status="PASS">
          <params>
            <param index="0">
              <value>
                <![CDATA[India]]>
              </value>
            </param>
            <param index="1">
              <value>
                <![CDATA[Delhi]]>
              </value>
            </param>
          </params>
          <reporter-output>
          </reporter-output>
        </test-method> <!-- Dataprovidergooglesearch -->
      </class> <!-- TestNG_Annotation_7_data_provider -->
    </test> <!-- Test -->
  </suite> <!-- Suite -->
</testng-results>
