<?xml version="1.0" encoding="UTF-8"?>
<!-- Generated by org.testng.reporters.JUnitXMLReporter -->
<testsuite ignored="2" hostname="DESKTOP-1J6Q2U8" failures="0" tests="1" name="Test" time="0.055" errors="0" timestamp="2025-05-23T11:45:03 IST">
  <testcase classname="Testcase23" name="Weblogin" time="0.009"/>
  <testcase classname="Testcase23" name="APIlogin" time="0.0">
    <ignored/>
  </testcase> <!-- APIlogin -->
  <testcase classname="Testcase23" name="MobileLogin" time="0.0">
    <ignored/>
  </testcase> <!-- MobileLogin -->
</testsuite> <!-- Test -->
